The target system is: Generic -  - avr
The host system is: Linux - 4.15.0-34-generic - x86_64
Compiling the C compiler identification source file "CMakeCCompilerId.c" succeeded.
Compiler: /usr/local/avr/bin/avr-gcc 
Build flags: 
Id flags:  

The output was:
0


Compilation of the C compiler identification source "CMakeCCompilerId.c" produced "a.out"

The C compiler identification is GNU, found in "/data/git/ECA-Arduino-Project/cmake-build-debug-avr-gcc/CMakeFiles/3.12.1/CompilerIdC/a.out"

Compiling the CXX compiler identification source file "CMakeCXXCompilerId.cpp" succeeded.
Compiler: /usr/local/avr/bin/avr-g++ 
Build flags: 
Id flags:  

The output was:
0


Compilation of the CXX compiler identification source "CMakeCXXCompilerId.cpp" produced "a.out"

The CXX compiler identification is GNU, found in "/data/git/ECA-Arduino-Project/cmake-build-debug-avr-gcc/CMakeFiles/3.12.1/CompilerIdCXX/a.out"

Determining if the C compiler works passed with the following output:
Change Dir: /data/git/ECA-Arduino-Project/cmake-build-debug-avr-gcc/CMakeFiles/CMakeTmp

Run Build Command:"/usr/bin/make" "cmTC_e912d/fast"
/usr/bin/make -f CMakeFiles/cmTC_e912d.dir/build.make CMakeFiles/cmTC_e912d.dir/build
make[1]: Entering directory '/data/git/ECA-Arduino-Project/cmake-build-debug-avr-gcc/CMakeFiles/CMakeTmp'
Building C object CMakeFiles/cmTC_e912d.dir/testCCompiler.c.obj
/usr/local/avr/bin/avr-gcc   -O3 -DNDEBUG   -o CMakeFiles/cmTC_e912d.dir/testCCompiler.c.obj   -c /data/git/ECA-Arduino-Project/cmake-build-debug-avr-gcc/CMakeFiles/CMakeTmp/testCCompiler.c
Linking C executable cmTC_e912d
/usr/local/CLion/bin/cmake/linux/bin/cmake -E cmake_link_script CMakeFiles/cmTC_e912d.dir/link.txt --verbose=1
/usr/local/avr/bin/avr-gcc   -O3 -DNDEBUG    CMakeFiles/cmTC_e912d.dir/testCCompiler.c.obj  -o cmTC_e912d 
make[1]: Leaving directory '/data/git/ECA-Arduino-Project/cmake-build-debug-avr-gcc/CMakeFiles/CMakeTmp'


Detecting C compiler ABI info compiled with the following output:
Change Dir: /data/git/ECA-Arduino-Project/cmake-build-debug-avr-gcc/CMakeFiles/CMakeTmp

Run Build Command:"/usr/bin/make" "cmTC_5163b/fast"
/usr/bin/make -f CMakeFiles/cmTC_5163b.dir/build.make CMakeFiles/cmTC_5163b.dir/build
make[1]: Entering directory '/data/git/ECA-Arduino-Project/cmake-build-debug-avr-gcc/CMakeFiles/CMakeTmp'
Building C object CMakeFiles/cmTC_5163b.dir/CMakeCCompilerABI.c.obj
/usr/local/avr/bin/avr-gcc   -O3 -DNDEBUG   -o CMakeFiles/cmTC_5163b.dir/CMakeCCompilerABI.c.obj   -c /usr/local/CLion/bin/cmake/linux/share/cmake-3.12/Modules/CMakeCCompilerABI.c
Linking C executable cmTC_5163b
/usr/local/CLion/bin/cmake/linux/bin/cmake -E cmake_link_script CMakeFiles/cmTC_5163b.dir/link.txt --verbose=1
/usr/local/avr/bin/avr-gcc   -O3 -DNDEBUG   -v CMakeFiles/cmTC_5163b.dir/CMakeCCompilerABI.c.obj  -o cmTC_5163b 
Using built-in specs.
Reading specs from /usr/local/avr/lib/gcc/avr/8.2.0/device-specs/specs-avr2
COLLECT_GCC=/usr/local/avr/bin/avr-gcc
COLLECT_LTO_WRAPPER=/usr/local/avr/libexec/gcc/avr/8.2.0/lto-wrapper
Target: avr
Configured with: ../configure --prefix=/usr/local/avr --target=avr --enable-languages=c,c++ --disable-nls --disable-libssp --with-dwarf2
Thread model: single
gcc version 8.2.0 (GCC) 
COMPILER_PATH=/usr/local/avr/libexec/gcc/avr/8.2.0/:/usr/local/avr/libexec/gcc/avr/8.2.0/:/usr/local/avr/libexec/gcc/avr/:/usr/local/avr/lib/gcc/avr/8.2.0/:/usr/local/avr/lib/gcc/avr/:/usr/local/avr/lib/gcc/avr/8.2.0/../../../../avr/bin/
LIBRARY_PATH=/usr/local/avr/lib/gcc/avr/8.2.0/:/usr/local/avr/lib/gcc/avr/8.2.0/../../../../avr/lib/
COLLECT_GCC_OPTIONS='-O3' '-D' 'NDEBUG' '-v' '-o' 'cmTC_5163b' '-specs=device-specs/specs-avr2'
 /usr/local/avr/libexec/gcc/avr/8.2.0/collect2 -plugin /usr/local/avr/libexec/gcc/avr/8.2.0/liblto_plugin.so -plugin-opt=/usr/local/avr/libexec/gcc/avr/8.2.0/lto-wrapper -plugin-opt=-fresolution=/tmp/cclCOt6R.res -plugin-opt=-pass-through=-lgcc -plugin-opt=-pass-through=-lm -plugin-opt=-pass-through=-lc -o cmTC_5163b -L/usr/local/avr/lib/gcc/avr/8.2.0 -L/usr/local/avr/lib/gcc/avr/8.2.0/../../../../avr/lib CMakeFiles/cmTC_5163b.dir/CMakeCCompilerABI.c.obj --start-group -lgcc -lm -lc --end-group
COLLECT_GCC_OPTIONS='-O3' '-D' 'NDEBUG' '-v' '-o' 'cmTC_5163b' '-specs=device-specs/specs-avr2'
make[1]: Leaving directory '/data/git/ECA-Arduino-Project/cmake-build-debug-avr-gcc/CMakeFiles/CMakeTmp'


Parsed C implicit link information from above output:
  link line regex: [^( *|.*[/\])(avr-ld|CMAKE_LINK_STARTFILE-NOTFOUND|([^/\]+-)?ld|collect2)[^/\]*( |$)]
  ignore line: [Change Dir: /data/git/ECA-Arduino-Project/cmake-build-debug-avr-gcc/CMakeFiles/CMakeTmp]
  ignore line: []
  ignore line: [Run Build Command:"/usr/bin/make" "cmTC_5163b/fast"]
  ignore line: [/usr/bin/make -f CMakeFiles/cmTC_5163b.dir/build.make CMakeFiles/cmTC_5163b.dir/build]
  ignore line: [make[1]: Entering directory '/data/git/ECA-Arduino-Project/cmake-build-debug-avr-gcc/CMakeFiles/CMakeTmp']
  ignore line: [Building C object CMakeFiles/cmTC_5163b.dir/CMakeCCompilerABI.c.obj]
  ignore line: [/usr/local/avr/bin/avr-gcc   -O3 -DNDEBUG   -o CMakeFiles/cmTC_5163b.dir/CMakeCCompilerABI.c.obj   -c /usr/local/CLion/bin/cmake/linux/share/cmake-3.12/Modules/CMakeCCompilerABI.c]
  ignore line: [Linking C executable cmTC_5163b]
  ignore line: [/usr/local/CLion/bin/cmake/linux/bin/cmake -E cmake_link_script CMakeFiles/cmTC_5163b.dir/link.txt --verbose=1]
  ignore line: [/usr/local/avr/bin/avr-gcc   -O3 -DNDEBUG   -v CMakeFiles/cmTC_5163b.dir/CMakeCCompilerABI.c.obj  -o cmTC_5163b ]
  ignore line: [Using built-in specs.]
  ignore line: [Reading specs from /usr/local/avr/lib/gcc/avr/8.2.0/device-specs/specs-avr2]
  ignore line: [COLLECT_GCC=/usr/local/avr/bin/avr-gcc]
  ignore line: [COLLECT_LTO_WRAPPER=/usr/local/avr/libexec/gcc/avr/8.2.0/lto-wrapper]
  ignore line: [Target: avr]
  ignore line: [Configured with: ../configure --prefix=/usr/local/avr --target=avr --enable-languages=c,c++ --disable-nls --disable-libssp --with-dwarf2]
  ignore line: [Thread model: single]
  ignore line: [gcc version 8.2.0 (GCC) ]
  ignore line: [COMPILER_PATH=/usr/local/avr/libexec/gcc/avr/8.2.0/:/usr/local/avr/libexec/gcc/avr/8.2.0/:/usr/local/avr/libexec/gcc/avr/:/usr/local/avr/lib/gcc/avr/8.2.0/:/usr/local/avr/lib/gcc/avr/:/usr/local/avr/lib/gcc/avr/8.2.0/../../../../avr/bin/]
  ignore line: [LIBRARY_PATH=/usr/local/avr/lib/gcc/avr/8.2.0/:/usr/local/avr/lib/gcc/avr/8.2.0/../../../../avr/lib/]
  ignore line: [COLLECT_GCC_OPTIONS='-O3' '-D' 'NDEBUG' '-v' '-o' 'cmTC_5163b' '-specs=device-specs/specs-avr2']
  link line: [ /usr/local/avr/libexec/gcc/avr/8.2.0/collect2 -plugin /usr/local/avr/libexec/gcc/avr/8.2.0/liblto_plugin.so -plugin-opt=/usr/local/avr/libexec/gcc/avr/8.2.0/lto-wrapper -plugin-opt=-fresolution=/tmp/cclCOt6R.res -plugin-opt=-pass-through=-lgcc -plugin-opt=-pass-through=-lm -plugin-opt=-pass-through=-lc -o cmTC_5163b -L/usr/local/avr/lib/gcc/avr/8.2.0 -L/usr/local/avr/lib/gcc/avr/8.2.0/../../../../avr/lib CMakeFiles/cmTC_5163b.dir/CMakeCCompilerABI.c.obj --start-group -lgcc -lm -lc --end-group]
    arg [/usr/local/avr/libexec/gcc/avr/8.2.0/collect2] ==> ignore
    arg [-plugin] ==> ignore
    arg [/usr/local/avr/libexec/gcc/avr/8.2.0/liblto_plugin.so] ==> ignore
    arg [-plugin-opt=/usr/local/avr/libexec/gcc/avr/8.2.0/lto-wrapper] ==> ignore
    arg [-plugin-opt=-fresolution=/tmp/cclCOt6R.res] ==> ignore
    arg [-plugin-opt=-pass-through=-lgcc] ==> ignore
    arg [-plugin-opt=-pass-through=-lm] ==> ignore
    arg [-plugin-opt=-pass-through=-lc] ==> ignore
    arg [-o] ==> ignore
    arg [cmTC_5163b] ==> ignore
    arg [-L/usr/local/avr/lib/gcc/avr/8.2.0] ==> dir [/usr/local/avr/lib/gcc/avr/8.2.0]
    arg [-L/usr/local/avr/lib/gcc/avr/8.2.0/../../../../avr/lib] ==> dir [/usr/local/avr/lib/gcc/avr/8.2.0/../../../../avr/lib]
    arg [CMakeFiles/cmTC_5163b.dir/CMakeCCompilerABI.c.obj] ==> ignore
    arg [--start-group] ==> ignore
    arg [-lgcc] ==> lib [gcc]
    arg [-lm] ==> lib [m]
    arg [-lc] ==> lib [c]
    arg [--end-group] ==> ignore
  collapse library dir [/usr/local/avr/lib/gcc/avr/8.2.0] ==> [/usr/local/avr/lib/gcc/avr/8.2.0]
  collapse library dir [/usr/local/avr/lib/gcc/avr/8.2.0/../../../../avr/lib] ==> [/usr/local/avr/avr/lib]
  implicit libs: [gcc;m;c]
  implicit dirs: [/usr/local/avr/lib/gcc/avr/8.2.0;/usr/local/avr/avr/lib]
  implicit fwks: []




Detecting C [-std=c11] compiler features compiled with the following output:
Change Dir: /data/git/ECA-Arduino-Project/cmake-build-debug-avr-gcc/CMakeFiles/CMakeTmp

Run Build Command:"/usr/bin/make" "cmTC_31fbe/fast"
/usr/bin/make -f CMakeFiles/cmTC_31fbe.dir/build.make CMakeFiles/cmTC_31fbe.dir/build
make[1]: Entering directory '/data/git/ECA-Arduino-Project/cmake-build-debug-avr-gcc/CMakeFiles/CMakeTmp'
Building C object CMakeFiles/cmTC_31fbe.dir/feature_tests.c.obj
/usr/local/avr/bin/avr-gcc   -O3 -DNDEBUG   -std=c11 -o CMakeFiles/cmTC_31fbe.dir/feature_tests.c.obj   -c /data/git/ECA-Arduino-Project/cmake-build-debug-avr-gcc/CMakeFiles/feature_tests.c
Linking C executable cmTC_31fbe
/usr/local/CLion/bin/cmake/linux/bin/cmake -E cmake_link_script CMakeFiles/cmTC_31fbe.dir/link.txt --verbose=1
/usr/local/avr/bin/avr-gcc   -O3 -DNDEBUG    CMakeFiles/cmTC_31fbe.dir/feature_tests.c.obj  -o cmTC_31fbe 
make[1]: Leaving directory '/data/git/ECA-Arduino-Project/cmake-build-debug-avr-gcc/CMakeFiles/CMakeTmp'


    Feature record: C_FEATURE:1c_function_prototypes
    Feature record: C_FEATURE:1c_restrict
    Feature record: C_FEATURE:1c_static_assert
    Feature record: C_FEATURE:1c_variadic_macros


Detecting C [-std=c99] compiler features compiled with the following output:
Change Dir: /data/git/ECA-Arduino-Project/cmake-build-debug-avr-gcc/CMakeFiles/CMakeTmp

Run Build Command:"/usr/bin/make" "cmTC_5a187/fast"
/usr/bin/make -f CMakeFiles/cmTC_5a187.dir/build.make CMakeFiles/cmTC_5a187.dir/build
make[1]: Entering directory '/data/git/ECA-Arduino-Project/cmake-build-debug-avr-gcc/CMakeFiles/CMakeTmp'
Building C object CMakeFiles/cmTC_5a187.dir/feature_tests.c.obj
/usr/local/avr/bin/avr-gcc   -O3 -DNDEBUG   -std=c99 -o CMakeFiles/cmTC_5a187.dir/feature_tests.c.obj   -c /data/git/ECA-Arduino-Project/cmake-build-debug-avr-gcc/CMakeFiles/feature_tests.c
Linking C executable cmTC_5a187
/usr/local/CLion/bin/cmake/linux/bin/cmake -E cmake_link_script CMakeFiles/cmTC_5a187.dir/link.txt --verbose=1
/usr/local/avr/bin/avr-gcc   -O3 -DNDEBUG    CMakeFiles/cmTC_5a187.dir/feature_tests.c.obj  -o cmTC_5a187 
make[1]: Leaving directory '/data/git/ECA-Arduino-Project/cmake-build-debug-avr-gcc/CMakeFiles/CMakeTmp'


    Feature record: C_FEATURE:1c_function_prototypes
    Feature record: C_FEATURE:1c_restrict
    Feature record: C_FEATURE:0c_static_assert
    Feature record: C_FEATURE:1c_variadic_macros


Detecting C [-std=c90] compiler features compiled with the following output:
Change Dir: /data/git/ECA-Arduino-Project/cmake-build-debug-avr-gcc/CMakeFiles/CMakeTmp

Run Build Command:"/usr/bin/make" "cmTC_5f7b8/fast"
/usr/bin/make -f CMakeFiles/cmTC_5f7b8.dir/build.make CMakeFiles/cmTC_5f7b8.dir/build
make[1]: Entering directory '/data/git/ECA-Arduino-Project/cmake-build-debug-avr-gcc/CMakeFiles/CMakeTmp'
Building C object CMakeFiles/cmTC_5f7b8.dir/feature_tests.c.obj
/usr/local/avr/bin/avr-gcc   -O3 -DNDEBUG   -std=c90 -o CMakeFiles/cmTC_5f7b8.dir/feature_tests.c.obj   -c /data/git/ECA-Arduino-Project/cmake-build-debug-avr-gcc/CMakeFiles/feature_tests.c
Linking C executable cmTC_5f7b8
/usr/local/CLion/bin/cmake/linux/bin/cmake -E cmake_link_script CMakeFiles/cmTC_5f7b8.dir/link.txt --verbose=1
/usr/local/avr/bin/avr-gcc   -O3 -DNDEBUG    CMakeFiles/cmTC_5f7b8.dir/feature_tests.c.obj  -o cmTC_5f7b8 
make[1]: Leaving directory '/data/git/ECA-Arduino-Project/cmake-build-debug-avr-gcc/CMakeFiles/CMakeTmp'


    Feature record: C_FEATURE:1c_function_prototypes
    Feature record: C_FEATURE:0c_restrict
    Feature record: C_FEATURE:0c_static_assert
    Feature record: C_FEATURE:0c_variadic_macros
Determining if the CXX compiler works passed with the following output:
Change Dir: /data/git/ECA-Arduino-Project/cmake-build-debug-avr-gcc/CMakeFiles/CMakeTmp

Run Build Command:"/usr/bin/make" "cmTC_0fd15/fast"
/usr/bin/make -f CMakeFiles/cmTC_0fd15.dir/build.make CMakeFiles/cmTC_0fd15.dir/build
make[1]: Entering directory '/data/git/ECA-Arduino-Project/cmake-build-debug-avr-gcc/CMakeFiles/CMakeTmp'
Building CXX object CMakeFiles/cmTC_0fd15.dir/testCXXCompiler.cxx.obj
/usr/local/avr/bin/avr-g++    -O3 -DNDEBUG   -o CMakeFiles/cmTC_0fd15.dir/testCXXCompiler.cxx.obj -c /data/git/ECA-Arduino-Project/cmake-build-debug-avr-gcc/CMakeFiles/CMakeTmp/testCXXCompiler.cxx
Linking CXX executable cmTC_0fd15
/usr/local/CLion/bin/cmake/linux/bin/cmake -E cmake_link_script CMakeFiles/cmTC_0fd15.dir/link.txt --verbose=1
/usr/local/avr/bin/avr-g++    -O3 -DNDEBUG    CMakeFiles/cmTC_0fd15.dir/testCXXCompiler.cxx.obj  -o cmTC_0fd15 
make[1]: Leaving directory '/data/git/ECA-Arduino-Project/cmake-build-debug-avr-gcc/CMakeFiles/CMakeTmp'


Detecting CXX compiler ABI info compiled with the following output:
Change Dir: /data/git/ECA-Arduino-Project/cmake-build-debug-avr-gcc/CMakeFiles/CMakeTmp

Run Build Command:"/usr/bin/make" "cmTC_7c394/fast"
/usr/bin/make -f CMakeFiles/cmTC_7c394.dir/build.make CMakeFiles/cmTC_7c394.dir/build
make[1]: Entering directory '/data/git/ECA-Arduino-Project/cmake-build-debug-avr-gcc/CMakeFiles/CMakeTmp'
Building CXX object CMakeFiles/cmTC_7c394.dir/CMakeCXXCompilerABI.cpp.obj
/usr/local/avr/bin/avr-g++    -O3 -DNDEBUG   -o CMakeFiles/cmTC_7c394.dir/CMakeCXXCompilerABI.cpp.obj -c /usr/local/CLion/bin/cmake/linux/share/cmake-3.12/Modules/CMakeCXXCompilerABI.cpp
Linking CXX executable cmTC_7c394
/usr/local/CLion/bin/cmake/linux/bin/cmake -E cmake_link_script CMakeFiles/cmTC_7c394.dir/link.txt --verbose=1
/usr/local/avr/bin/avr-g++    -O3 -DNDEBUG   -v CMakeFiles/cmTC_7c394.dir/CMakeCXXCompilerABI.cpp.obj  -o cmTC_7c394 
Using built-in specs.
Reading specs from /usr/local/avr/lib/gcc/avr/8.2.0/device-specs/specs-avr2
COLLECT_GCC=/usr/local/avr/bin/avr-g++
COLLECT_LTO_WRAPPER=/usr/local/avr/libexec/gcc/avr/8.2.0/lto-wrapper
Target: avr
Configured with: ../configure --prefix=/usr/local/avr --target=avr --enable-languages=c,c++ --disable-nls --disable-libssp --with-dwarf2
Thread model: single
gcc version 8.2.0 (GCC) 
COMPILER_PATH=/usr/local/avr/libexec/gcc/avr/8.2.0/:/usr/local/avr/libexec/gcc/avr/8.2.0/:/usr/local/avr/libexec/gcc/avr/:/usr/local/avr/lib/gcc/avr/8.2.0/:/usr/local/avr/lib/gcc/avr/:/usr/local/avr/lib/gcc/avr/8.2.0/../../../../avr/bin/
LIBRARY_PATH=/usr/local/avr/lib/gcc/avr/8.2.0/:/usr/local/avr/lib/gcc/avr/8.2.0/../../../../avr/lib/
COLLECT_GCC_OPTIONS='-O3' '-D' 'NDEBUG' '-v' '-o' 'cmTC_7c394' '-specs=device-specs/specs-avr2'
 /usr/local/avr/libexec/gcc/avr/8.2.0/collect2 -plugin /usr/local/avr/libexec/gcc/avr/8.2.0/liblto_plugin.so -plugin-opt=/usr/local/avr/libexec/gcc/avr/8.2.0/lto-wrapper -plugin-opt=-fresolution=/tmp/ccuGG69b.res -plugin-opt=-pass-through=-lgcc -plugin-opt=-pass-through=-lm -plugin-opt=-pass-through=-lc -o cmTC_7c394 -L/usr/local/avr/lib/gcc/avr/8.2.0 -L/usr/local/avr/lib/gcc/avr/8.2.0/../../../../avr/lib CMakeFiles/cmTC_7c394.dir/CMakeCXXCompilerABI.cpp.obj -lgcc -lm --start-group -lgcc -lm -lc --end-group
COLLECT_GCC_OPTIONS='-O3' '-D' 'NDEBUG' '-v' '-o' 'cmTC_7c394' '-specs=device-specs/specs-avr2'
make[1]: Leaving directory '/data/git/ECA-Arduino-Project/cmake-build-debug-avr-gcc/CMakeFiles/CMakeTmp'


Parsed CXX implicit link information from above output:
  link line regex: [^( *|.*[/\])(avr-ld|CMAKE_LINK_STARTFILE-NOTFOUND|([^/\]+-)?ld|collect2)[^/\]*( |$)]
  ignore line: [Change Dir: /data/git/ECA-Arduino-Project/cmake-build-debug-avr-gcc/CMakeFiles/CMakeTmp]
  ignore line: []
  ignore line: [Run Build Command:"/usr/bin/make" "cmTC_7c394/fast"]
  ignore line: [/usr/bin/make -f CMakeFiles/cmTC_7c394.dir/build.make CMakeFiles/cmTC_7c394.dir/build]
  ignore line: [make[1]: Entering directory '/data/git/ECA-Arduino-Project/cmake-build-debug-avr-gcc/CMakeFiles/CMakeTmp']
  ignore line: [Building CXX object CMakeFiles/cmTC_7c394.dir/CMakeCXXCompilerABI.cpp.obj]
  ignore line: [/usr/local/avr/bin/avr-g++    -O3 -DNDEBUG   -o CMakeFiles/cmTC_7c394.dir/CMakeCXXCompilerABI.cpp.obj -c /usr/local/CLion/bin/cmake/linux/share/cmake-3.12/Modules/CMakeCXXCompilerABI.cpp]
  ignore line: [Linking CXX executable cmTC_7c394]
  ignore line: [/usr/local/CLion/bin/cmake/linux/bin/cmake -E cmake_link_script CMakeFiles/cmTC_7c394.dir/link.txt --verbose=1]
  ignore line: [/usr/local/avr/bin/avr-g++    -O3 -DNDEBUG   -v CMakeFiles/cmTC_7c394.dir/CMakeCXXCompilerABI.cpp.obj  -o cmTC_7c394 ]
  ignore line: [Using built-in specs.]
  ignore line: [Reading specs from /usr/local/avr/lib/gcc/avr/8.2.0/device-specs/specs-avr2]
  ignore line: [COLLECT_GCC=/usr/local/avr/bin/avr-g++]
  ignore line: [COLLECT_LTO_WRAPPER=/usr/local/avr/libexec/gcc/avr/8.2.0/lto-wrapper]
  ignore line: [Target: avr]
  ignore line: [Configured with: ../configure --prefix=/usr/local/avr --target=avr --enable-languages=c,c++ --disable-nls --disable-libssp --with-dwarf2]
  ignore line: [Thread model: single]
  ignore line: [gcc version 8.2.0 (GCC) ]
  ignore line: [COMPILER_PATH=/usr/local/avr/libexec/gcc/avr/8.2.0/:/usr/local/avr/libexec/gcc/avr/8.2.0/:/usr/local/avr/libexec/gcc/avr/:/usr/local/avr/lib/gcc/avr/8.2.0/:/usr/local/avr/lib/gcc/avr/:/usr/local/avr/lib/gcc/avr/8.2.0/../../../../avr/bin/]
  ignore line: [LIBRARY_PATH=/usr/local/avr/lib/gcc/avr/8.2.0/:/usr/local/avr/lib/gcc/avr/8.2.0/../../../../avr/lib/]
  ignore line: [COLLECT_GCC_OPTIONS='-O3' '-D' 'NDEBUG' '-v' '-o' 'cmTC_7c394' '-specs=device-specs/specs-avr2']
  link line: [ /usr/local/avr/libexec/gcc/avr/8.2.0/collect2 -plugin /usr/local/avr/libexec/gcc/avr/8.2.0/liblto_plugin.so -plugin-opt=/usr/local/avr/libexec/gcc/avr/8.2.0/lto-wrapper -plugin-opt=-fresolution=/tmp/ccuGG69b.res -plugin-opt=-pass-through=-lgcc -plugin-opt=-pass-through=-lm -plugin-opt=-pass-through=-lc -o cmTC_7c394 -L/usr/local/avr/lib/gcc/avr/8.2.0 -L/usr/local/avr/lib/gcc/avr/8.2.0/../../../../avr/lib CMakeFiles/cmTC_7c394.dir/CMakeCXXCompilerABI.cpp.obj -lgcc -lm --start-group -lgcc -lm -lc --end-group]
    arg [/usr/local/avr/libexec/gcc/avr/8.2.0/collect2] ==> ignore
    arg [-plugin] ==> ignore
    arg [/usr/local/avr/libexec/gcc/avr/8.2.0/liblto_plugin.so] ==> ignore
    arg [-plugin-opt=/usr/local/avr/libexec/gcc/avr/8.2.0/lto-wrapper] ==> ignore
    arg [-plugin-opt=-fresolution=/tmp/ccuGG69b.res] ==> ignore
    arg [-plugin-opt=-pass-through=-lgcc] ==> ignore
    arg [-plugin-opt=-pass-through=-lm] ==> ignore
    arg [-plugin-opt=-pass-through=-lc] ==> ignore
    arg [-o] ==> ignore
    arg [cmTC_7c394] ==> ignore
    arg [-L/usr/local/avr/lib/gcc/avr/8.2.0] ==> dir [/usr/local/avr/lib/gcc/avr/8.2.0]
    arg [-L/usr/local/avr/lib/gcc/avr/8.2.0/../../../../avr/lib] ==> dir [/usr/local/avr/lib/gcc/avr/8.2.0/../../../../avr/lib]
    arg [CMakeFiles/cmTC_7c394.dir/CMakeCXXCompilerABI.cpp.obj] ==> ignore
    arg [-lgcc] ==> lib [gcc]
    arg [-lm] ==> lib [m]
    arg [--start-group] ==> ignore
    arg [-lgcc] ==> lib [gcc]
    arg [-lm] ==> lib [m]
    arg [-lc] ==> lib [c]
    arg [--end-group] ==> ignore
  collapse library dir [/usr/local/avr/lib/gcc/avr/8.2.0] ==> [/usr/local/avr/lib/gcc/avr/8.2.0]
  collapse library dir [/usr/local/avr/lib/gcc/avr/8.2.0/../../../../avr/lib] ==> [/usr/local/avr/avr/lib]
  implicit libs: [gcc;m;gcc;m;c]
  implicit dirs: [/usr/local/avr/lib/gcc/avr/8.2.0;/usr/local/avr/avr/lib]
  implicit fwks: []




Detecting CXX [-std=c++2a] compiler features compiled with the following output:
Change Dir: /data/git/ECA-Arduino-Project/cmake-build-debug-avr-gcc/CMakeFiles/CMakeTmp

Run Build Command:"/usr/bin/make" "cmTC_857af/fast"
/usr/bin/make -f CMakeFiles/cmTC_857af.dir/build.make CMakeFiles/cmTC_857af.dir/build
make[1]: Entering directory '/data/git/ECA-Arduino-Project/cmake-build-debug-avr-gcc/CMakeFiles/CMakeTmp'
Building CXX object CMakeFiles/cmTC_857af.dir/feature_tests.cxx.obj
/usr/local/avr/bin/avr-g++    -O3 -DNDEBUG   -std=c++2a -o CMakeFiles/cmTC_857af.dir/feature_tests.cxx.obj -c /data/git/ECA-Arduino-Project/cmake-build-debug-avr-gcc/CMakeFiles/feature_tests.cxx
Linking CXX executable cmTC_857af
/usr/local/CLion/bin/cmake/linux/bin/cmake -E cmake_link_script CMakeFiles/cmTC_857af.dir/link.txt --verbose=1
/usr/local/avr/bin/avr-g++    -O3 -DNDEBUG    CMakeFiles/cmTC_857af.dir/feature_tests.cxx.obj  -o cmTC_857af 
make[1]: Leaving directory '/data/git/ECA-Arduino-Project/cmake-build-debug-avr-gcc/CMakeFiles/CMakeTmp'


    Feature record: CXX_FEATURE:1cxx_aggregate_default_initializers
    Feature record: CXX_FEATURE:1cxx_alias_templates
    Feature record: CXX_FEATURE:1cxx_alignas
    Feature record: CXX_FEATURE:1cxx_alignof
    Feature record: CXX_FEATURE:1cxx_attributes
    Feature record: CXX_FEATURE:1cxx_attribute_deprecated
    Feature record: CXX_FEATURE:1cxx_auto_type
    Feature record: CXX_FEATURE:1cxx_binary_literals
    Feature record: CXX_FEATURE:1cxx_constexpr
    Feature record: CXX_FEATURE:1cxx_contextual_conversions
    Feature record: CXX_FEATURE:1cxx_decltype
    Feature record: CXX_FEATURE:1cxx_decltype_auto
    Feature record: CXX_FEATURE:1cxx_decltype_incomplete_return_types
    Feature record: CXX_FEATURE:1cxx_default_function_template_args
    Feature record: CXX_FEATURE:1cxx_defaulted_functions
    Feature record: CXX_FEATURE:1cxx_defaulted_move_initializers
    Feature record: CXX_FEATURE:1cxx_delegating_constructors
    Feature record: CXX_FEATURE:1cxx_deleted_functions
    Feature record: CXX_FEATURE:1cxx_digit_separators
    Feature record: CXX_FEATURE:1cxx_enum_forward_declarations
    Feature record: CXX_FEATURE:1cxx_explicit_conversions
    Feature record: CXX_FEATURE:1cxx_extended_friend_declarations
    Feature record: CXX_FEATURE:1cxx_extern_templates
    Feature record: CXX_FEATURE:1cxx_final
    Feature record: CXX_FEATURE:1cxx_func_identifier
    Feature record: CXX_FEATURE:1cxx_generalized_initializers
    Feature record: CXX_FEATURE:1cxx_generic_lambdas
    Feature record: CXX_FEATURE:1cxx_inheriting_constructors
    Feature record: CXX_FEATURE:1cxx_inline_namespaces
    Feature record: CXX_FEATURE:1cxx_lambdas
    Feature record: CXX_FEATURE:1cxx_lambda_init_captures
    Feature record: CXX_FEATURE:1cxx_local_type_template_args
    Feature record: CXX_FEATURE:1cxx_long_long_type
    Feature record: CXX_FEATURE:1cxx_noexcept
    Feature record: CXX_FEATURE:1cxx_nonstatic_member_init
    Feature record: CXX_FEATURE:1cxx_nullptr
    Feature record: CXX_FEATURE:1cxx_override
    Feature record: CXX_FEATURE:1cxx_range_for
    Feature record: CXX_FEATURE:1cxx_raw_string_literals
    Feature record: CXX_FEATURE:1cxx_reference_qualified_functions
    Feature record: CXX_FEATURE:1cxx_relaxed_constexpr
    Feature record: CXX_FEATURE:1cxx_return_type_deduction
    Feature record: CXX_FEATURE:1cxx_right_angle_brackets
    Feature record: CXX_FEATURE:1cxx_rvalue_references
    Feature record: CXX_FEATURE:1cxx_sizeof_member
    Feature record: CXX_FEATURE:1cxx_static_assert
    Feature record: CXX_FEATURE:1cxx_strong_enums
    Feature record: CXX_FEATURE:1cxx_template_template_parameters
    Feature record: CXX_FEATURE:1cxx_thread_local
    Feature record: CXX_FEATURE:1cxx_trailing_return_types
    Feature record: CXX_FEATURE:1cxx_unicode_literals
    Feature record: CXX_FEATURE:1cxx_uniform_initialization
    Feature record: CXX_FEATURE:1cxx_unrestricted_unions
    Feature record: CXX_FEATURE:1cxx_user_literals
    Feature record: CXX_FEATURE:1cxx_variable_templates
    Feature record: CXX_FEATURE:1cxx_variadic_macros
    Feature record: CXX_FEATURE:1cxx_variadic_templates


Detecting CXX [-std=c++17] compiler features compiled with the following output:
Change Dir: /data/git/ECA-Arduino-Project/cmake-build-debug-avr-gcc/CMakeFiles/CMakeTmp

Run Build Command:"/usr/bin/make" "cmTC_ba3e4/fast"
/usr/bin/make -f CMakeFiles/cmTC_ba3e4.dir/build.make CMakeFiles/cmTC_ba3e4.dir/build
make[1]: Entering directory '/data/git/ECA-Arduino-Project/cmake-build-debug-avr-gcc/CMakeFiles/CMakeTmp'
Building CXX object CMakeFiles/cmTC_ba3e4.dir/feature_tests.cxx.obj
/usr/local/avr/bin/avr-g++    -O3 -DNDEBUG   -std=c++17 -o CMakeFiles/cmTC_ba3e4.dir/feature_tests.cxx.obj -c /data/git/ECA-Arduino-Project/cmake-build-debug-avr-gcc/CMakeFiles/feature_tests.cxx
Linking CXX executable cmTC_ba3e4
/usr/local/CLion/bin/cmake/linux/bin/cmake -E cmake_link_script CMakeFiles/cmTC_ba3e4.dir/link.txt --verbose=1
/usr/local/avr/bin/avr-g++    -O3 -DNDEBUG    CMakeFiles/cmTC_ba3e4.dir/feature_tests.cxx.obj  -o cmTC_ba3e4 
make[1]: Leaving directory '/data/git/ECA-Arduino-Project/cmake-build-debug-avr-gcc/CMakeFiles/CMakeTmp'


    Feature record: CXX_FEATURE:1cxx_aggregate_default_initializers
    Feature record: CXX_FEATURE:1cxx_alias_templates
    Feature record: CXX_FEATURE:1cxx_alignas
    Feature record: CXX_FEATURE:1cxx_alignof
    Feature record: CXX_FEATURE:1cxx_attributes
    Feature record: CXX_FEATURE:1cxx_attribute_deprecated
    Feature record: CXX_FEATURE:1cxx_auto_type
    Feature record: CXX_FEATURE:1cxx_binary_literals
    Feature record: CXX_FEATURE:1cxx_constexpr
    Feature record: CXX_FEATURE:1cxx_contextual_conversions
    Feature record: CXX_FEATURE:1cxx_decltype
    Feature record: CXX_FEATURE:1cxx_decltype_auto
    Feature record: CXX_FEATURE:1cxx_decltype_incomplete_return_types
    Feature record: CXX_FEATURE:1cxx_default_function_template_args
    Feature record: CXX_FEATURE:1cxx_defaulted_functions
    Feature record: CXX_FEATURE:1cxx_defaulted_move_initializers
    Feature record: CXX_FEATURE:1cxx_delegating_constructors
    Feature record: CXX_FEATURE:1cxx_deleted_functions
    Feature record: CXX_FEATURE:1cxx_digit_separators
    Feature record: CXX_FEATURE:1cxx_enum_forward_declarations
    Feature record: CXX_FEATURE:1cxx_explicit_conversions
    Feature record: CXX_FEATURE:1cxx_extended_friend_declarations
    Feature record: CXX_FEATURE:1cxx_extern_templates
    Feature record: CXX_FEATURE:1cxx_final
    Feature record: CXX_FEATURE:1cxx_func_identifier
    Feature record: CXX_FEATURE:1cxx_generalized_initializers
    Feature record: CXX_FEATURE:1cxx_generic_lambdas
    Feature record: CXX_FEATURE:1cxx_inheriting_constructors
    Feature record: CXX_FEATURE:1cxx_inline_namespaces
    Feature record: CXX_FEATURE:1cxx_lambdas
    Feature record: CXX_FEATURE:1cxx_lambda_init_captures
    Feature record: CXX_FEATURE:1cxx_local_type_template_args
    Feature record: CXX_FEATURE:1cxx_long_long_type
    Feature record: CXX_FEATURE:1cxx_noexcept
    Feature record: CXX_FEATURE:1cxx_nonstatic_member_init
    Feature record: CXX_FEATURE:1cxx_nullptr
    Feature record: CXX_FEATURE:1cxx_override
    Feature record: CXX_FEATURE:1cxx_range_for
    Feature record: CXX_FEATURE:1cxx_raw_string_literals
    Feature record: CXX_FEATURE:1cxx_reference_qualified_functions
    Feature record: CXX_FEATURE:1cxx_relaxed_constexpr
    Feature record: CXX_FEATURE:1cxx_return_type_deduction
    Feature record: CXX_FEATURE:1cxx_right_angle_brackets
    Feature record: CXX_FEATURE:1cxx_rvalue_references
    Feature record: CXX_FEATURE:1cxx_sizeof_member
    Feature record: CXX_FEATURE:1cxx_static_assert
    Feature record: CXX_FEATURE:1cxx_strong_enums
    Feature record: CXX_FEATURE:1cxx_template_template_parameters
    Feature record: CXX_FEATURE:1cxx_thread_local
    Feature record: CXX_FEATURE:1cxx_trailing_return_types
    Feature record: CXX_FEATURE:1cxx_unicode_literals
    Feature record: CXX_FEATURE:1cxx_uniform_initialization
    Feature record: CXX_FEATURE:1cxx_unrestricted_unions
    Feature record: CXX_FEATURE:1cxx_user_literals
    Feature record: CXX_FEATURE:1cxx_variable_templates
    Feature record: CXX_FEATURE:1cxx_variadic_macros
    Feature record: CXX_FEATURE:1cxx_variadic_templates


Detecting CXX [-std=c++14] compiler features compiled with the following output:
Change Dir: /data/git/ECA-Arduino-Project/cmake-build-debug-avr-gcc/CMakeFiles/CMakeTmp

Run Build Command:"/usr/bin/make" "cmTC_cb319/fast"
/usr/bin/make -f CMakeFiles/cmTC_cb319.dir/build.make CMakeFiles/cmTC_cb319.dir/build
make[1]: Entering directory '/data/git/ECA-Arduino-Project/cmake-build-debug-avr-gcc/CMakeFiles/CMakeTmp'
Building CXX object CMakeFiles/cmTC_cb319.dir/feature_tests.cxx.obj
/usr/local/avr/bin/avr-g++    -O3 -DNDEBUG   -std=c++14 -o CMakeFiles/cmTC_cb319.dir/feature_tests.cxx.obj -c /data/git/ECA-Arduino-Project/cmake-build-debug-avr-gcc/CMakeFiles/feature_tests.cxx
Linking CXX executable cmTC_cb319
/usr/local/CLion/bin/cmake/linux/bin/cmake -E cmake_link_script CMakeFiles/cmTC_cb319.dir/link.txt --verbose=1
/usr/local/avr/bin/avr-g++    -O3 -DNDEBUG    CMakeFiles/cmTC_cb319.dir/feature_tests.cxx.obj  -o cmTC_cb319 
make[1]: Leaving directory '/data/git/ECA-Arduino-Project/cmake-build-debug-avr-gcc/CMakeFiles/CMakeTmp'


    Feature record: CXX_FEATURE:1cxx_aggregate_default_initializers
    Feature record: CXX_FEATURE:1cxx_alias_templates
    Feature record: CXX_FEATURE:1cxx_alignas
    Feature record: CXX_FEATURE:1cxx_alignof
    Feature record: CXX_FEATURE:1cxx_attributes
    Feature record: CXX_FEATURE:1cxx_attribute_deprecated
    Feature record: CXX_FEATURE:1cxx_auto_type
    Feature record: CXX_FEATURE:1cxx_binary_literals
    Feature record: CXX_FEATURE:1cxx_constexpr
    Feature record: CXX_FEATURE:1cxx_contextual_conversions
    Feature record: CXX_FEATURE:1cxx_decltype
    Feature record: CXX_FEATURE:1cxx_decltype_auto
    Feature record: CXX_FEATURE:1cxx_decltype_incomplete_return_types
    Feature record: CXX_FEATURE:1cxx_default_function_template_args
    Feature record: CXX_FEATURE:1cxx_defaulted_functions
    Feature record: CXX_FEATURE:1cxx_defaulted_move_initializers
    Feature record: CXX_FEATURE:1cxx_delegating_constructors
    Feature record: CXX_FEATURE:1cxx_deleted_functions
    Feature record: CXX_FEATURE:1cxx_digit_separators
    Feature record: CXX_FEATURE:1cxx_enum_forward_declarations
    Feature record: CXX_FEATURE:1cxx_explicit_conversions
    Feature record: CXX_FEATURE:1cxx_extended_friend_declarations
    Feature record: CXX_FEATURE:1cxx_extern_templates
    Feature record: CXX_FEATURE:1cxx_final
    Feature record: CXX_FEATURE:1cxx_func_identifier
    Feature record: CXX_FEATURE:1cxx_generalized_initializers
    Feature record: CXX_FEATURE:1cxx_generic_lambdas
    Feature record: CXX_FEATURE:1cxx_inheriting_constructors
    Feature record: CXX_FEATURE:1cxx_inline_namespaces
    Feature record: CXX_FEATURE:1cxx_lambdas
    Feature record: CXX_FEATURE:1cxx_lambda_init_captures
    Feature record: CXX_FEATURE:1cxx_local_type_template_args
    Feature record: CXX_FEATURE:1cxx_long_long_type
    Feature record: CXX_FEATURE:1cxx_noexcept
    Feature record: CXX_FEATURE:1cxx_nonstatic_member_init
    Feature record: CXX_FEATURE:1cxx_nullptr
    Feature record: CXX_FEATURE:1cxx_override
    Feature record: CXX_FEATURE:1cxx_range_for
    Feature record: CXX_FEATURE:1cxx_raw_string_literals
    Feature record: CXX_FEATURE:1cxx_reference_qualified_functions
    Feature record: CXX_FEATURE:1cxx_relaxed_constexpr
    Feature record: CXX_FEATURE:1cxx_return_type_deduction
    Feature record: CXX_FEATURE:1cxx_right_angle_brackets
    Feature record: CXX_FEATURE:1cxx_rvalue_references
    Feature record: CXX_FEATURE:1cxx_sizeof_member
    Feature record: CXX_FEATURE:1cxx_static_assert
    Feature record: CXX_FEATURE:1cxx_strong_enums
    Feature record: CXX_FEATURE:1cxx_template_template_parameters
    Feature record: CXX_FEATURE:1cxx_thread_local
    Feature record: CXX_FEATURE:1cxx_trailing_return_types
    Feature record: CXX_FEATURE:1cxx_unicode_literals
    Feature record: CXX_FEATURE:1cxx_uniform_initialization
    Feature record: CXX_FEATURE:1cxx_unrestricted_unions
    Feature record: CXX_FEATURE:1cxx_user_literals
    Feature record: CXX_FEATURE:1cxx_variable_templates
    Feature record: CXX_FEATURE:1cxx_variadic_macros
    Feature record: CXX_FEATURE:1cxx_variadic_templates


Detecting CXX [-std=c++11] compiler features compiled with the following output:
Change Dir: /data/git/ECA-Arduino-Project/cmake-build-debug-avr-gcc/CMakeFiles/CMakeTmp

Run Build Command:"/usr/bin/make" "cmTC_1f2bb/fast"
/usr/bin/make -f CMakeFiles/cmTC_1f2bb.dir/build.make CMakeFiles/cmTC_1f2bb.dir/build
make[1]: Entering directory '/data/git/ECA-Arduino-Project/cmake-build-debug-avr-gcc/CMakeFiles/CMakeTmp'
Building CXX object CMakeFiles/cmTC_1f2bb.dir/feature_tests.cxx.obj
/usr/local/avr/bin/avr-g++    -O3 -DNDEBUG   -std=c++11 -o CMakeFiles/cmTC_1f2bb.dir/feature_tests.cxx.obj -c /data/git/ECA-Arduino-Project/cmake-build-debug-avr-gcc/CMakeFiles/feature_tests.cxx
Linking CXX executable cmTC_1f2bb
/usr/local/CLion/bin/cmake/linux/bin/cmake -E cmake_link_script CMakeFiles/cmTC_1f2bb.dir/link.txt --verbose=1
/usr/local/avr/bin/avr-g++    -O3 -DNDEBUG    CMakeFiles/cmTC_1f2bb.dir/feature_tests.cxx.obj  -o cmTC_1f2bb 
make[1]: Leaving directory '/data/git/ECA-Arduino-Project/cmake-build-debug-avr-gcc/CMakeFiles/CMakeTmp'


    Feature record: CXX_FEATURE:0cxx_aggregate_default_initializers
    Feature record: CXX_FEATURE:1cxx_alias_templates
    Feature record: CXX_FEATURE:1cxx_alignas
    Feature record: CXX_FEATURE:1cxx_alignof
    Feature record: CXX_FEATURE:1cxx_attributes
    Feature record: CXX_FEATURE:0cxx_attribute_deprecated
    Feature record: CXX_FEATURE:1cxx_auto_type
    Feature record: CXX_FEATURE:0cxx_binary_literals
    Feature record: CXX_FEATURE:1cxx_constexpr
    Feature record: CXX_FEATURE:0cxx_contextual_conversions
    Feature record: CXX_FEATURE:1cxx_decltype
    Feature record: CXX_FEATURE:0cxx_decltype_auto
    Feature record: CXX_FEATURE:1cxx_decltype_incomplete_return_types
    Feature record: CXX_FEATURE:1cxx_default_function_template_args
    Feature record: CXX_FEATURE:1cxx_defaulted_functions
    Feature record: CXX_FEATURE:1cxx_defaulted_move_initializers
    Feature record: CXX_FEATURE:1cxx_delegating_constructors
    Feature record: CXX_FEATURE:1cxx_deleted_functions
    Feature record: CXX_FEATURE:0cxx_digit_separators
    Feature record: CXX_FEATURE:1cxx_enum_forward_declarations
    Feature record: CXX_FEATURE:1cxx_explicit_conversions
    Feature record: CXX_FEATURE:1cxx_extended_friend_declarations
    Feature record: CXX_FEATURE:1cxx_extern_templates
    Feature record: CXX_FEATURE:1cxx_final
    Feature record: CXX_FEATURE:1cxx_func_identifier
    Feature record: CXX_FEATURE:1cxx_generalized_initializers
    Feature record: CXX_FEATURE:0cxx_generic_lambdas
    Feature record: CXX_FEATURE:1cxx_inheriting_constructors
    Feature record: CXX_FEATURE:1cxx_inline_namespaces
    Feature record: CXX_FEATURE:1cxx_lambdas
    Feature record: CXX_FEATURE:0cxx_lambda_init_captures
    Feature record: CXX_FEATURE:1cxx_local_type_template_args
    Feature record: CXX_FEATURE:1cxx_long_long_type
    Feature record: CXX_FEATURE:1cxx_noexcept
    Feature record: CXX_FEATURE:1cxx_nonstatic_member_init
    Feature record: CXX_FEATURE:1cxx_nullptr
    Feature record: CXX_FEATURE:1cxx_override
    Feature record: CXX_FEATURE:1cxx_range_for
    Feature record: CXX_FEATURE:1cxx_raw_string_literals
    Feature record: CXX_FEATURE:1cxx_reference_qualified_functions
    Feature record: CXX_FEATURE:0cxx_relaxed_constexpr
    Feature record: CXX_FEATURE:0cxx_return_type_deduction
    Feature record: CXX_FEATURE:1cxx_right_angle_brackets
    Feature record: CXX_FEATURE:1cxx_rvalue_references
    Feature record: CXX_FEATURE:1cxx_sizeof_member
    Feature record: CXX_FEATURE:1cxx_static_assert
    Feature record: CXX_FEATURE:1cxx_strong_enums
    Feature record: CXX_FEATURE:1cxx_template_template_parameters
    Feature record: CXX_FEATURE:1cxx_thread_local
    Feature record: CXX_FEATURE:1cxx_trailing_return_types
    Feature record: CXX_FEATURE:1cxx_unicode_literals
    Feature record: CXX_FEATURE:1cxx_uniform_initialization
    Feature record: CXX_FEATURE:1cxx_unrestricted_unions
    Feature record: CXX_FEATURE:1cxx_user_literals
    Feature record: CXX_FEATURE:0cxx_variable_templates
    Feature record: CXX_FEATURE:1cxx_variadic_macros
    Feature record: CXX_FEATURE:1cxx_variadic_templates


Detecting CXX [-std=c++98] compiler features compiled with the following output:
Change Dir: /data/git/ECA-Arduino-Project/cmake-build-debug-avr-gcc/CMakeFiles/CMakeTmp

Run Build Command:"/usr/bin/make" "cmTC_0b7a1/fast"
/usr/bin/make -f CMakeFiles/cmTC_0b7a1.dir/build.make CMakeFiles/cmTC_0b7a1.dir/build
make[1]: Entering directory '/data/git/ECA-Arduino-Project/cmake-build-debug-avr-gcc/CMakeFiles/CMakeTmp'
Building CXX object CMakeFiles/cmTC_0b7a1.dir/feature_tests.cxx.obj
/usr/local/avr/bin/avr-g++    -O3 -DNDEBUG   -std=c++98 -o CMakeFiles/cmTC_0b7a1.dir/feature_tests.cxx.obj -c /data/git/ECA-Arduino-Project/cmake-build-debug-avr-gcc/CMakeFiles/feature_tests.cxx
Linking CXX executable cmTC_0b7a1
/usr/local/CLion/bin/cmake/linux/bin/cmake -E cmake_link_script CMakeFiles/cmTC_0b7a1.dir/link.txt --verbose=1
/usr/local/avr/bin/avr-g++    -O3 -DNDEBUG    CMakeFiles/cmTC_0b7a1.dir/feature_tests.cxx.obj  -o cmTC_0b7a1 
make[1]: Leaving directory '/data/git/ECA-Arduino-Project/cmake-build-debug-avr-gcc/CMakeFiles/CMakeTmp'


    Feature record: CXX_FEATURE:0cxx_aggregate_default_initializers
    Feature record: CXX_FEATURE:0cxx_alias_templates
    Feature record: CXX_FEATURE:0cxx_alignas
    Feature record: CXX_FEATURE:0cxx_alignof
    Feature record: CXX_FEATURE:0cxx_attributes
    Feature record: CXX_FEATURE:0cxx_attribute_deprecated
    Feature record: CXX_FEATURE:0cxx_auto_type
    Feature record: CXX_FEATURE:0cxx_binary_literals
    Feature record: CXX_FEATURE:0cxx_constexpr
    Feature record: CXX_FEATURE:0cxx_contextual_conversions
    Feature record: CXX_FEATURE:0cxx_decltype
    Feature record: CXX_FEATURE:0cxx_decltype_auto
    Feature record: CXX_FEATURE:0cxx_decltype_incomplete_return_types
    Feature record: CXX_FEATURE:0cxx_default_function_template_args
    Feature record: CXX_FEATURE:0cxx_defaulted_functions
    Feature record: CXX_FEATURE:0cxx_defaulted_move_initializers
    Feature record: CXX_FEATURE:0cxx_delegating_constructors
    Feature record: CXX_FEATURE:0cxx_deleted_functions
    Feature record: CXX_FEATURE:0cxx_digit_separators
    Feature record: CXX_FEATURE:0cxx_enum_forward_declarations
    Feature record: CXX_FEATURE:0cxx_explicit_conversions
    Feature record: CXX_FEATURE:0cxx_extended_friend_declarations
    Feature record: CXX_FEATURE:0cxx_extern_templates
    Feature record: CXX_FEATURE:0cxx_final
    Feature record: CXX_FEATURE:0cxx_func_identifier
    Feature record: CXX_FEATURE:0cxx_generalized_initializers
    Feature record: CXX_FEATURE:0cxx_generic_lambdas
    Feature record: CXX_FEATURE:0cxx_inheriting_constructors
    Feature record: CXX_FEATURE:0cxx_inline_namespaces
    Feature record: CXX_FEATURE:0cxx_lambdas
    Feature record: CXX_FEATURE:0cxx_lambda_init_captures
    Feature record: CXX_FEATURE:0cxx_local_type_template_args
    Feature record: CXX_FEATURE:0cxx_long_long_type
    Feature record: CXX_FEATURE:0cxx_noexcept
    Feature record: CXX_FEATURE:0cxx_nonstatic_member_init
    Feature record: CXX_FEATURE:0cxx_nullptr
    Feature record: CXX_FEATURE:0cxx_override
    Feature record: CXX_FEATURE:0cxx_range_for
    Feature record: CXX_FEATURE:0cxx_raw_string_literals
    Feature record: CXX_FEATURE:0cxx_reference_qualified_functions
    Feature record: CXX_FEATURE:0cxx_relaxed_constexpr
    Feature record: CXX_FEATURE:0cxx_return_type_deduction
    Feature record: CXX_FEATURE:0cxx_right_angle_brackets
    Feature record: CXX_FEATURE:0cxx_rvalue_references
    Feature record: CXX_FEATURE:0cxx_sizeof_member
    Feature record: CXX_FEATURE:0cxx_static_assert
    Feature record: CXX_FEATURE:0cxx_strong_enums
    Feature record: CXX_FEATURE:1cxx_template_template_parameters
    Feature record: CXX_FEATURE:0cxx_thread_local
    Feature record: CXX_FEATURE:0cxx_trailing_return_types
    Feature record: CXX_FEATURE:0cxx_unicode_literals
    Feature record: CXX_FEATURE:0cxx_uniform_initialization
    Feature record: CXX_FEATURE:0cxx_unrestricted_unions
    Feature record: CXX_FEATURE:0cxx_user_literals
    Feature record: CXX_FEATURE:0cxx_variable_templates
    Feature record: CXX_FEATURE:0cxx_variadic_macros
    Feature record: CXX_FEATURE:0cxx_variadic_templates
